Removed Pin From Net: NetName=GND Pin=C9-2
Removed Pin From Net: NetName=GND Pin=C14-2
Removed Pin From Net: NetName=VDD Pin=L1-2
Removed Pin From Net: NetName=NetC10_2 Pin=L3-1
Removed Pin From Net: NetName=NetC10_2 Pin=L4-1
Removed Pin From Net: NetName=NetC10_2 Pin=U1-2
Removed Member From Class: ClassName=Sheet1 Member=L4
Removed Member From Class: ClassName=Sheet1 Member=L7
Change Component Comment : Designator=C14 Old Comment=1pF New Comment=1nF
Change Component Comment : Designator=C10 Old Comment=1pF New Comment=18pF
Change Component Comment : Designator=L3 Old Comment=2.4nH New Comment=4.7nH
Change Component Comment : Designator=L5 Old Comment=2nH New Comment=1nF
Change Component Comment : Designator=C9 Old Comment=6.8pF New Comment=12pF
Change Component Comment : Designator=C11 Old Comment=DNM New Comment=2.2pF
Change Component Description : Designator=C11 Old Description= New Description=CAP CER 2.2PF 50V NP0 0402
Change Component Description : Designator=C10 Old Description=CAP CER 1PF 50V NP0 0402 New Description=CAP CER 18PF 50V NP0 0402
Change Component Description : Designator=C14 Old Description=CAP CER 1PF 50V NP0 0402 New Description=CAP CER 10000PF 50V X7R 0402
Change Component Description : Designator=C9 Old Description=CAP CER 6.8PF 50V NP0 0402 New Description=CAP CER 12PF 50V NP0 0402
Change Component Description : Designator=L3 Old Description=FIXED IND 2.4NH 300MA 160 MOHM New Description=FIXED IND 4.7NH 300MA 180 MOHM
Change Component Description : Designator=L5 Old Description=FIXED IND 2NH 300MA 100 MOHM SMD New Description=FIXED IND 1NH 300MA 70 MOHM SMD
Added Component: Designator=P1(HDR1X3)
Added Component: Designator=U3(QFN127P600-8N)
Added Component: Designator=U4(SOT230P700X180-4L)
Added Pin To Net: NetName=GND Pin=C9-1
Added Pin To Net: NetName=VDDS Pin=C9-2
Added Pin To Net: NetName=GND Pin=C14-1
Added Pin To Net: NetName=VDDS Pin=C14-2
Added Pin To Net: NetName=VDDS Pin=L3-2
Added Pin To Net: NetName=NetC10_2 Pin=L6-1
Added Pin To Net: NetName=VDD Pin=P1-3
Added Pin To Net: NetName=GND Pin=U3-1
Added Pin To Net: NetName=GND Pin=U3-4
Added Pin To Net: NetName=GND Pin=U3-9
Added Pin To Net: NetName=GND Pin=U3-11
Added Pin To Net: NetName=GND Pin=U3-12
Added Pin To Net: NetName=VDDS Pin=U3-13
Added Pin To Net: NetName=VDDS Pin=U3-14
Added Pin To Net: NetName=VDDS Pin=U3-15
Added Pin To Net: NetName=GND Pin=U3-16
Added Pin To Net: NetName=GND Pin=U3-17
Added Pin To Net: NetName=GND Pin=U4-1
Added Pin To Net: NetName=VDD Pin=U4-3
Added Pin To Net: NetName=ANT_PCB Pin=A1-1
Added Pin To Net: NetName=ANT_PCB Pin=C10-1
Added Pin To Net: NetName=ANT_PCB Pin=C13-2
Added Net: Name=ANT_PCB
Added Pin To Net: NetName=NetC11_2 Pin=C11-2
Added Pin To Net: NetName=NetC11_2 Pin=L3-1
Added Pin To Net: NetName=NetC11_2 Pin=L5-2
Added Pin To Net: NetName=NetC11_2 Pin=U3-10
Added Net: Name=NetC11_2
Added Pin To Net: NetName=NetC25_1 Pin=U3-8
Added Net: Name=NetC25_1
Added Pin To Net: NetName=NetL1_2 Pin=L1-2
Added Pin To Net: NetName=NetL1_2 Pin=P1-2
Added Net: Name=NetL1_2
Added Pin To Net: NetName=NetR7_1 Pin=U3-5
Added Net: Name=NetR7_1
Added Pin To Net: NetName=NetR8_1 Pin=U3-6
Added Net: Name=NetR8_1
Added Pin To Net: NetName=NetR9_2 Pin=U3-7
Added Net: Name=NetR9_2
Added Pin To Net: NetName=REGOUT Pin=P1-1
Added Pin To Net: NetName=REGOUT Pin=U4-2
Added Pin To Net: NetName=REGOUT Pin=U4-4
Added Net: Name=REGOUT
Added Pin To Net: NetName=RF_N Pin=U1-2
Added Pin To Net: NetName=RF_N Pin=U3-2
Added Net: Name=RF_N
Added Pin To Net: NetName=RF_P Pin=U1-1
Added Pin To Net: NetName=RF_P Pin=U3-3
Added Net: Name=RF_P
Added Pin To Net: NetName=RX_TX Pin=U1-3
Added Net: Name=RX_TX
Added Pin To Net: NetName=X24M_N Pin=C20-2
Added Pin To Net: NetName=X24M_N Pin=U1-30
Added Pin To Net: NetName=X24M_N Pin=Y2-2
Added Net: Name=X24M_N
Added Pin To Net: NetName=X24M_P Pin=C19-2
Added Pin To Net: NetName=X24M_P Pin=U1-31
Added Pin To Net: NetName=X24M_P Pin=Y2-1
Added Net: Name=X24M_P
Added Member To Class: ClassName=Sheet1 Member=Component P1 Header 3
Added Member To Class: ClassName=Sheet1 Member=Component U3 CC2592
Added Member To Class: ClassName=Sheet1 Member=Component U4 LT1117-3.3
