Removed Pin From Net: NetName=ANT_PCB Pin=A1-2
Removed Pin From Net: NetName=ANT_PCB Pin=A1-3
Added Component: Designator=C22(0402 - CAP)
Added Component: Designator=C23(0402 - CAP)
Added Component: Designator=C24(0402 - CAP)
Added Component: Designator=C25(0402 - CAP)
Added Component: Designator=R7(0402 - RES)
Added Component: Designator=R8(0402 - RES)
Added Component: Designator=R9(0402 - RES)
Added Component: Designator=R10(0402 - RES)
Added Pin To Net: NetName=GND Pin=A1-2
Added Pin To Net: NetName=GND Pin=A1-3
Added Pin To Net: NetName=DIO_7 Pin=C22-1
Added Pin To Net: NetName=GND Pin=C22-2
Added Pin To Net: NetName=DIO_13 Pin=C23-1
Added Pin To Net: NetName=GND Pin=C23-2
Added Pin To Net: NetName=DIO_14 Pin=C24-1
Added Pin To Net: NetName=GND Pin=C24-2
Added Pin To Net: NetName=NetC25_1 Pin=C25-1
Added Pin To Net: NetName=GND Pin=C25-2
Added Pin To Net: NetName=NetR7_1 Pin=R7-1
Added Pin To Net: NetName=DIO_7 Pin=R7-2
Added Pin To Net: NetName=NetR8_1 Pin=R8-1
Added Pin To Net: NetName=DIO_13 Pin=R8-2
Added Pin To Net: NetName=DIO_14 Pin=R9-1
Added Pin To Net: NetName=NetR9_2 Pin=R9-2
Added Pin To Net: NetName=GND Pin=R10-1
Added Pin To Net: NetName=NetC25_1 Pin=R10-2
Added Member To Class: ClassName=Sheet1 Member=Component C22 1.5pF
Added Member To Class: ClassName=Sheet1 Member=Component C23 1.5pF
Added Member To Class: ClassName=Sheet1 Member=Component C24 1.5pF
Added Member To Class: ClassName=Sheet1 Member=Component C25 DMN
Added Member To Class: ClassName=Sheet1 Member=Component R7 10K
Added Member To Class: ClassName=Sheet1 Member=Component R8 10K
Added Member To Class: ClassName=Sheet1 Member=Component R9 10K
Added Member To Class: ClassName=Sheet1 Member=Component R10 3K9
